<?xml version="1.0" encoding="UTF-8"?>
<!-- Generated by org.testng.reporters.JUnitReportReporter -->
<testsuite skipped="0" hostname="SIB-WSD-0000753" name="ru.mystudy.runner.RunTest" tests="8" failures="0" timestamp="2022-12-22T14:27:07 MSK" time="0.640" errors="0">
  <testcase name="runScenario" time="0.019" classname="ru.mystudy.runner.RunTest"/>
  <system-out/>
  <testcase name="runScenario" time="0.007" classname="ru.mystudy.runner.RunTest"/>
  <system-out/>
  <testcase name="runScenario" time="0.035" classname="ru.mystudy.runner.RunTest"/>
  <system-out/>
  <testcase name="runScenario" time="0.013" classname="ru.mystudy.runner.RunTest"/>
  <system-out/>
  <testcase name="runScenario" time="0.526" classname="ru.mystudy.runner.RunTest"/>
  <system-out/>
  <testcase name="runScenario" time="0.012" classname="ru.mystudy.runner.RunTest"/>
  <system-out/>
  <testcase name="runScenario" time="0.019" classname="ru.mystudy.runner.RunTest"/>
  <system-out/>
  <testcase name="runScenario" time="0.009" classname="ru.mystudy.runner.RunTest"/>
  <system-out/>
</testsuite> <!-- ru.mystudy.runner.RunTest -->
